This is pdfTeX, Version 3.1415926-2.5-1.40.14 (MiKTeX 2.9 64-bit) (preloaded format=pdflatex 2014.2.16)  30 DEC 2015 13:13
entering extended mode
**Rapport.tex
(C:\Users\Céline\pfe_analyse_technique\doc\src\Rapport.tex
LaTeX2e <2011/06/27>
Babel <v3.8m> and hyphenation patterns for english, afrikaans, ancientgreek, ar
abic, armenian, assamese, basque, bengali, bokmal, bulgarian, catalan, coptic, 
croatian, czech, danish, dutch, esperanto, estonian, farsi, finnish, french, ga
lician, german, german-x-2013-05-26, greek, gujarati, hindi, hungarian, iceland
ic, indonesian, interlingua, irish, italian, kannada, kurmanji, latin, latvian,
 lithuanian, malayalam, marathi, mongolian, mongolianlmc, monogreek, ngerman, n
german-x-2013-05-26, nynorsk, oriya, panjabi, pinyin, polish, portuguese, roman
ian, russian, sanskrit, serbian, slovak, slovenian, spanish, swedish, swissgerm
an, tamil, telugu, turkish, turkmen, ukenglish, ukrainian, uppersorbian, usengl
ishmax, welsh, loaded.
(C:\Users\Céline\Documents\Latex\tex\latex\base\report.cls
Document Class: report 2007/10/19 v1.4h Standard LaTeX document class
(C:\Users\Céline\Documents\Latex\tex\latex\base\size10.clo
File: size10.clo 2007/10/19 v1.4h Standard LaTeX file (size option)
)
\c@part=\count79
\c@chapter=\count80
\c@section=\count81
\c@subsection=\count82
\c@subsubsection=\count83
\c@paragraph=\count84
\c@subparagraph=\count85
\c@figure=\count86
\c@table=\count87
\abovecaptionskip=\skip41
\belowcaptionskip=\skip42
\bibindent=\dimen102
)
(C:\Users\Céline\pfe_analyse_technique\doc\src\ressources/packages/miseEnPage.
sty

LaTeX Warning: You have requested package `ressources/packages/miseEnPage',
               but the package provides `packages/miseEnPageTantPic'.

Package: packages/miseEnPageTantPic 2014/08/02
(C:\Users\Céline\Documents\Latex\tex\latex\boxedminipage\boxedminipage.sty)
(C:\Users\Céline\Documents\Latex\tex\latex\graphics\graphicx.sty
Package: graphicx 1999/02/16 v1.0f Enhanced LaTeX Graphics (DPC,SPQR)

(C:\Users\Céline\Documents\Latex\tex\latex\graphics\keyval.sty
Package: keyval 1999/03/16 v1.13 key=value parser (DPC)
\KV@toks@=\toks14
)
(C:\Users\Céline\Documents\Latex\tex\latex\graphics\graphics.sty
Package: graphics 2009/02/05 v1.0o Standard LaTeX Graphics (DPC,SPQR)

(C:\Users\Céline\Documents\Latex\tex\latex\graphics\trig.sty
Package: trig 1999/03/16 v1.09 sin cos tan (DPC)
)
(C:\Users\Céline\Documents\Latex\tex\latex\00miktex\graphics.cfg
File: graphics.cfg 2007/01/18 v1.5 graphics configuration of teTeX/TeXLive
)
Package graphics Info: Driver file: pdftex.def on input line 91.

(C:\Users\Céline\Documents\Latex\tex\latex\pdftex-def\pdftex.def
File: pdftex.def 2011/05/27 v0.06d Graphics/color for pdfTeX

(C:\Users\Céline\Documents\Latex\tex\generic\oberdiek\infwarerr.sty
Package: infwarerr 2010/04/08 v1.3 Providing info/warning/error messages (HO)
)
(C:\Users\Céline\Documents\Latex\tex\generic\oberdiek\ltxcmds.sty
Package: ltxcmds 2011/11/09 v1.22 LaTeX kernel commands for general use (HO)
)
\Gread@gobject=\count88
))
\Gin@req@height=\dimen103
\Gin@req@width=\dimen104
)
(C:\Users\Céline\Documents\Latex\tex\latex\graphics\color.sty
Package: color 2005/11/14 v1.0j Standard LaTeX Color (DPC)

(C:\Users\Céline\Documents\Latex\tex\latex\00miktex\color.cfg
File: color.cfg 2007/01/18 v1.5 color configuration of teTeX/TeXLive
)
Package color Info: Driver file: pdftex.def on input line 130.
)
(C:\Users\Céline\Documents\Latex\tex\latex\tools\tabularx.sty
Package: tabularx 1999/01/07 v2.07 `tabularx' package (DPC)

(C:\Users\Céline\Documents\Latex\tex\latex\tools\array.sty
Package: array 2008/09/09 v2.4c Tabular extension package (FMi)
\col@sep=\dimen105
\extrarowheight=\dimen106
\NC@list=\toks15
\extratabsurround=\skip43
\backup@length=\skip44
)
\TX@col@width=\dimen107
\TX@old@table=\dimen108
\TX@old@col=\dimen109
\TX@target=\dimen110
\TX@delta=\dimen111
\TX@cols=\count89
\TX@ftn=\toks16
)
(C:\Users\Céline\Documents\Latex\tex\latex\fancyhdr\fancyhdr.sty
\fancy@headwidth=\skip45
\f@ncyO@elh=\skip46
\f@ncyO@erh=\skip47
\f@ncyO@olh=\skip48
\f@ncyO@orh=\skip49
\f@ncyO@elf=\skip50
\f@ncyO@erf=\skip51
\f@ncyO@olf=\skip52
\f@ncyO@orf=\skip53
)
(C:\Users\Céline\Documents\Latex\tex\generic\babel\babel.sty
Package: babel 2008/07/08 v3.8m The Babel package

*************************************
* Local config file bblopts.cfg used
*
(C:\Users\Céline\Documents\Latex\tex\latex\00miktex\bblopts.cfg
File: bblopts.cfg 2006/07/31 v1.0 MiKTeX 'babel' configuration
)
(C:\Users\Céline\Documents\Latex\tex\generic\babel\frenchb.ldf
Language: frenchb 2009/03/16 v2.3d French support from the babel system

(C:\Users\Céline\Documents\Latex\tex\generic\babel\babel.def
File: babel.def 2008/07/08 v3.8m Babel common definitions
\babel@savecnt=\count90
\U@D=\dimen112
)
Package babel Info: Making : an active character on input line 120.
Package babel Info: Making ; an active character on input line 121.
Package babel Info: Making ! an active character on input line 122.
Package babel Info: Making ? an active character on input line 123.
\FB@Mht=\dimen113
\std@mcc=\count91
\dec@mcc=\count92
\parindentFFN=\dimen114

*************************************
* Local config file frenchb.cfg used
*
(C:\Users\Céline\Documents\Latex\tex\generic\babel\frenchb.cfg)))
(C:\Users\Céline\Documents\Latex\tex\latex\carlisle\scalefnt.sty)
(C:\Users\Céline\Documents\Latex\tex\latex\base\inputenc.sty
Package: inputenc 2008/03/30 v1.1d Input encoding file
\inpenc@prehook=\toks17
\inpenc@posthook=\toks18

(C:\Users\Céline\Documents\Latex\tex\latex\base\utf8.def
File: utf8.def 2008/04/05 v1.1m UTF-8 support for inputenc
Now handling font encoding OML ...
... no UTF-8 mapping file for font encoding OML
Now handling font encoding T1 ...
... processing UTF-8 mapping file for font encoding T1

(C:\Users\Céline\Documents\Latex\tex\latex\base\t1enc.dfu
File: t1enc.dfu 2008/04/05 v1.1m UTF-8 support for inputenc
   defining Unicode char U+00A1 (decimal 161)
   defining Unicode char U+00A3 (decimal 163)
   defining Unicode char U+00AB (decimal 171)
   defining Unicode char U+00BB (decimal 187)
   defining Unicode char U+00BF (decimal 191)
   defining Unicode char U+00C0 (decimal 192)
   defining Unicode char U+00C1 (decimal 193)
   defining Unicode char U+00C2 (decimal 194)
   defining Unicode char U+00C3 (decimal 195)
   defining Unicode char U+00C4 (decimal 196)
   defining Unicode char U+00C5 (decimal 197)
   defining Unicode char U+00C6 (decimal 198)
   defining Unicode char U+00C7 (decimal 199)
   defining Unicode char U+00C8 (decimal 200)
   defining Unicode char U+00C9 (decimal 201)
   defining Unicode char U+00CA (decimal 202)
   defining Unicode char U+00CB (decimal 203)
   defining Unicode char U+00CC (decimal 204)
   defining Unicode char U+00CD (decimal 205)
   defining Unicode char U+00CE (decimal 206)
   defining Unicode char U+00CF (decimal 207)
   defining Unicode char U+00D0 (decimal 208)
   defining Unicode char U+00D1 (decimal 209)
   defining Unicode char U+00D2 (decimal 210)
   defining Unicode char U+00D3 (decimal 211)
   defining Unicode char U+00D4 (decimal 212)
   defining Unicode char U+00D5 (decimal 213)
   defining Unicode char U+00D6 (decimal 214)
   defining Unicode char U+00D8 (decimal 216)
   defining Unicode char U+00D9 (decimal 217)
   defining Unicode char U+00DA (decimal 218)
   defining Unicode char U+00DB (decimal 219)
   defining Unicode char U+00DC (decimal 220)
   defining Unicode char U+00DD (decimal 221)
   defining Unicode char U+00DE (decimal 222)
   defining Unicode char U+00DF (decimal 223)
   defining Unicode char U+00E0 (decimal 224)
   defining Unicode char U+00E1 (decimal 225)
   defining Unicode char U+00E2 (decimal 226)
   defining Unicode char U+00E3 (decimal 227)
   defining Unicode char U+00E4 (decimal 228)
   defining Unicode char U+00E5 (decimal 229)
   defining Unicode char U+00E6 (decimal 230)
   defining Unicode char U+00E7 (decimal 231)
   defining Unicode char U+00E8 (decimal 232)
   defining Unicode char U+00E9 (decimal 233)
   defining Unicode char U+00EA (decimal 234)
   defining Unicode char U+00EB (decimal 235)
   defining Unicode char U+00EC (decimal 236)
   defining Unicode char U+00ED (decimal 237)
   defining Unicode char U+00EE (decimal 238)
   defining Unicode char U+00EF (decimal 239)
   defining Unicode char U+00F0 (decimal 240)
   defining Unicode char U+00F1 (decimal 241)
   defining Unicode char U+00F2 (decimal 242)
   defining Unicode char U+00F3 (decimal 243)
   defining Unicode char U+00F4 (decimal 244)
   defining Unicode char U+00F5 (decimal 245)
   defining Unicode char U+00F6 (decimal 246)
   defining Unicode char U+00F8 (decimal 248)
   defining Unicode char U+00F9 (decimal 249)
   defining Unicode char U+00FA (decimal 250)
   defining Unicode char U+00FB (decimal 251)
   defining Unicode char U+00FC (decimal 252)
   defining Unicode char U+00FD (decimal 253)
   defining Unicode char U+00FE (decimal 254)
   defining Unicode char U+00FF (decimal 255)
   defining Unicode char U+0102 (decimal 258)
   defining Unicode char U+0103 (decimal 259)
   defining Unicode char U+0104 (decimal 260)
   defining Unicode char U+0105 (decimal 261)
   defining Unicode char U+0106 (decimal 262)
   defining Unicode char U+0107 (decimal 263)
   defining Unicode char U+010C (decimal 268)
   defining Unicode char U+010D (decimal 269)
   defining Unicode char U+010E (decimal 270)
   defining Unicode char U+010F (decimal 271)
   defining Unicode char U+0110 (decimal 272)
   defining Unicode char U+0111 (decimal 273)
   defining Unicode char U+0118 (decimal 280)
   defining Unicode char U+0119 (decimal 281)
   defining Unicode char U+011A (decimal 282)
   defining Unicode char U+011B (decimal 283)
   defining Unicode char U+011E (decimal 286)
   defining Unicode char U+011F (decimal 287)
   defining Unicode char U+0130 (decimal 304)
   defining Unicode char U+0131 (decimal 305)
   defining Unicode char U+0132 (decimal 306)
   defining Unicode char U+0133 (decimal 307)
   defining Unicode char U+0139 (decimal 313)
   defining Unicode char U+013A (decimal 314)
   defining Unicode char U+013D (decimal 317)
   defining Unicode char U+013E (decimal 318)
   defining Unicode char U+0141 (decimal 321)
   defining Unicode char U+0142 (decimal 322)
   defining Unicode char U+0143 (decimal 323)
   defining Unicode char U+0144 (decimal 324)
   defining Unicode char U+0147 (decimal 327)
   defining Unicode char U+0148 (decimal 328)
   defining Unicode char U+014A (decimal 330)
   defining Unicode char U+014B (decimal 331)
   defining Unicode char U+0150 (decimal 336)
   defining Unicode char U+0151 (decimal 337)
   defining Unicode char U+0152 (decimal 338)
   defining Unicode char U+0153 (decimal 339)
   defining Unicode char U+0154 (decimal 340)
   defining Unicode char U+0155 (decimal 341)
   defining Unicode char U+0158 (decimal 344)
   defining Unicode char U+0159 (decimal 345)
   defining Unicode char U+015A (decimal 346)
   defining Unicode char U+015B (decimal 347)
   defining Unicode char U+015E (decimal 350)
   defining Unicode char U+015F (decimal 351)
   defining Unicode char U+0160 (decimal 352)
   defining Unicode char U+0161 (decimal 353)
   defining Unicode char U+0162 (decimal 354)
   defining Unicode char U+0163 (decimal 355)
   defining Unicode char U+0164 (decimal 356)
   defining Unicode char U+0165 (decimal 357)
   defining Unicode char U+016E (decimal 366)
   defining Unicode char U+016F (decimal 367)
   defining Unicode char U+0170 (decimal 368)
   defining Unicode char U+0171 (decimal 369)
   defining Unicode char U+0178 (decimal 376)
   defining Unicode char U+0179 (decimal 377)
   defining Unicode char U+017A (decimal 378)
   defining Unicode char U+017B (decimal 379)
   defining Unicode char U+017C (decimal 380)
   defining Unicode char U+017D (decimal 381)
   defining Unicode char U+017E (decimal 382)
   defining Unicode char U+200C (decimal 8204)
   defining Unicode char U+2013 (decimal 8211)
   defining Unicode char U+2014 (decimal 8212)
   defining Unicode char U+2018 (decimal 8216)
   defining Unicode char U+2019 (decimal 8217)
   defining Unicode char U+201A (decimal 8218)
   defining Unicode char U+201C (decimal 8220)
   defining Unicode char U+201D (decimal 8221)
   defining Unicode char U+201E (decimal 8222)
   defining Unicode char U+2030 (decimal 8240)
   defining Unicode char U+2031 (decimal 8241)
   defining Unicode char U+2039 (decimal 8249)
   defining Unicode char U+203A (decimal 8250)
   defining Unicode char U+2423 (decimal 9251)
)
Now handling font encoding OT1 ...
... processing UTF-8 mapping file for font encoding OT1

(C:\Users\Céline\Documents\Latex\tex\latex\base\ot1enc.dfu
File: ot1enc.dfu 2008/04/05 v1.1m UTF-8 support for inputenc
   defining Unicode char U+00A1 (decimal 161)
   defining Unicode char U+00A3 (decimal 163)
   defining Unicode char U+00B8 (decimal 184)
   defining Unicode char U+00BF (decimal 191)
   defining Unicode char U+00C5 (decimal 197)
   defining Unicode char U+00C6 (decimal 198)
   defining Unicode char U+00D8 (decimal 216)
   defining Unicode char U+00DF (decimal 223)
   defining Unicode char U+00E6 (decimal 230)
   defining Unicode char U+00EC (decimal 236)
   defining Unicode char U+00ED (decimal 237)
   defining Unicode char U+00EE (decimal 238)
   defining Unicode char U+00EF (decimal 239)
   defining Unicode char U+00F8 (decimal 248)
   defining Unicode char U+0131 (decimal 305)
   defining Unicode char U+0141 (decimal 321)
   defining Unicode char U+0142 (decimal 322)
   defining Unicode char U+0152 (decimal 338)
   defining Unicode char U+0153 (decimal 339)
   defining Unicode char U+2013 (decimal 8211)
   defining Unicode char U+2014 (decimal 8212)
   defining Unicode char U+2018 (decimal 8216)
   defining Unicode char U+2019 (decimal 8217)
   defining Unicode char U+201C (decimal 8220)
   defining Unicode char U+201D (decimal 8221)
)
Now handling font encoding OMS ...
... processing UTF-8 mapping file for font encoding OMS

(C:\Users\Céline\Documents\Latex\tex\latex\base\omsenc.dfu
File: omsenc.dfu 2008/04/05 v1.1m UTF-8 support for inputenc
   defining Unicode char U+00A7 (decimal 167)
   defining Unicode char U+00B6 (decimal 182)
   defining Unicode char U+00B7 (decimal 183)
   defining Unicode char U+2020 (decimal 8224)
   defining Unicode char U+2021 (decimal 8225)
   defining Unicode char U+2022 (decimal 8226)
)
Now handling font encoding OMX ...
... no UTF-8 mapping file for font encoding OMX
Now handling font encoding U ...
... no UTF-8 mapping file for font encoding U
   defining Unicode char U+00A9 (decimal 169)
   defining Unicode char U+00AA (decimal 170)
   defining Unicode char U+00AE (decimal 174)
   defining Unicode char U+00BA (decimal 186)
   defining Unicode char U+02C6 (decimal 710)
   defining Unicode char U+02DC (decimal 732)
   defining Unicode char U+200C (decimal 8204)
   defining Unicode char U+2026 (decimal 8230)
   defining Unicode char U+2122 (decimal 8482)
   defining Unicode char U+2423 (decimal 9251)
))
(C:\Users\Céline\Documents\Latex\tex\latex\base\fontenc.sty
Package: fontenc 2005/09/27 v1.99g Standard LaTeX package

(C:\Users\Céline\Documents\Latex\tex\latex\base\t1enc.def
File: t1enc.def 2005/09/27 v1.99g Standard LaTeX file
LaTeX Font Info:    Redeclaring font encoding T1 on input line 43.
))
(C:\Users\Céline\Documents\Latex\tex\latex\base\ifthen.sty
Package: ifthen 2001/05/26 v1.1c Standard LaTeX ifthen package (DPC)
)
(C:\Users\Céline\Documents\Latex\tex\latex\amsmath\amsmath.sty
Package: amsmath 2013/01/14 v2.14 AMS math features
\@mathmargin=\skip54

For additional information on amsmath, use the `?' option.
(C:\Users\Céline\Documents\Latex\tex\latex\amsmath\amstext.sty
Package: amstext 2000/06/29 v2.01

(C:\Users\Céline\Documents\Latex\tex\latex\amsmath\amsgen.sty
File: amsgen.sty 1999/11/30 v2.0
\@emptytoks=\toks19
\ex@=\dimen115
))
(C:\Users\Céline\Documents\Latex\tex\latex\amsmath\amsbsy.sty
Package: amsbsy 1999/11/29 v1.2d
\pmbraise@=\dimen116
)
(C:\Users\Céline\Documents\Latex\tex\latex\amsmath\amsopn.sty
Package: amsopn 1999/12/14 v2.01 operator names
)
\inf@bad=\count93
LaTeX Info: Redefining \frac on input line 210.
\uproot@=\count94
\leftroot@=\count95
LaTeX Info: Redefining \overline on input line 306.
\classnum@=\count96
\DOTSCASE@=\count97
LaTeX Info: Redefining \ldots on input line 378.
LaTeX Info: Redefining \dots on input line 381.
LaTeX Info: Redefining \cdots on input line 466.
\Mathstrutbox@=\box26
\strutbox@=\box27
\big@size=\dimen117
LaTeX Font Info:    Redeclaring font encoding OML on input line 566.
LaTeX Font Info:    Redeclaring font encoding OMS on input line 567.
\macc@depth=\count98
\c@MaxMatrixCols=\count99
\dotsspace@=\muskip10
\c@parentequation=\count100
\dspbrk@lvl=\count101
\tag@help=\toks20
\row@=\count102
\column@=\count103
\maxfields@=\count104
\andhelp@=\toks21
\eqnshift@=\dimen118
\alignsep@=\dimen119
\tagshift@=\dimen120
\tagwidth@=\dimen121
\totwidth@=\dimen122
\lineht@=\dimen123
\@envbody=\toks22
\multlinegap=\skip55
\multlinetaggap=\skip56
\mathdisplay@stack=\toks23
LaTeX Info: Redefining \[ on input line 2665.
LaTeX Info: Redefining \] on input line 2666.
)
(C:\Users\Céline\Documents\Latex\tex\latex\amsfonts\amssymb.sty
Package: amssymb 2013/01/14 v3.01 AMS font symbols

(C:\Users\Céline\Documents\Latex\tex\latex\amsfonts\amsfonts.sty
Package: amsfonts 2013/01/14 v3.01 Basic AMSFonts support
\symAMSa=\mathgroup4
\symAMSb=\mathgroup5
LaTeX Font Info:    Overwriting math alphabet `\mathfrak' in version `bold'
(Font)                  U/euf/m/n --> U/euf/b/n on input line 106.
))
(C:\Users\Céline\Documents\Latex\tex\latex\amscls\amsthm.sty
Package: amsthm 2004/08/06 v2.20
\thm@style=\toks24
\thm@bodyfont=\toks25
\thm@headfont=\toks26
\thm@notefont=\toks27
\thm@headpunct=\toks28
\thm@preskip=\skip57
\thm@postskip=\skip58
\thm@headsep=\skip59
\dth@everypar=\toks29
)
(C:\Users\Céline\Documents\Latex\tex\latex\base\textcomp.sty
Package: textcomp 2005/09/27 v1.99g Standard LaTeX package
Package textcomp Info: Sub-encoding information:
(textcomp)               5 = only ISO-Adobe without \textcurrency
(textcomp)               4 = 5 + \texteuro
(textcomp)               3 = 4 + \textohm
(textcomp)               2 = 3 + \textestimated + \textcurrency
(textcomp)               1 = TS1 - \textcircled - \t
(textcomp)               0 = TS1 (full)
(textcomp)             Font families with sub-encoding setting implement
(textcomp)             only a restricted character set as indicated.
(textcomp)             Family '?' is the default used for unknown fonts.
(textcomp)             See the documentation for details.
Package textcomp Info: Setting ? sub-encoding to TS1/1 on input line 71.

(C:\Users\Céline\Documents\Latex\tex\latex\base\ts1enc.def
File: ts1enc.def 2001/06/05 v3.0e (jk/car/fm) Standard LaTeX file
Now handling font encoding TS1 ...
... processing UTF-8 mapping file for font encoding TS1

(C:\Users\Céline\Documents\Latex\tex\latex\base\ts1enc.dfu
File: ts1enc.dfu 2008/04/05 v1.1m UTF-8 support for inputenc
   defining Unicode char U+00A2 (decimal 162)
   defining Unicode char U+00A3 (decimal 163)
   defining Unicode char U+00A4 (decimal 164)
   defining Unicode char U+00A5 (decimal 165)
   defining Unicode char U+00A6 (decimal 166)
   defining Unicode char U+00A7 (decimal 167)
   defining Unicode char U+00A8 (decimal 168)
   defining Unicode char U+00A9 (decimal 169)
   defining Unicode char U+00AA (decimal 170)
   defining Unicode char U+00AC (decimal 172)
   defining Unicode char U+00AE (decimal 174)
   defining Unicode char U+00AF (decimal 175)
   defining Unicode char U+00B0 (decimal 176)
   defining Unicode char U+00B1 (decimal 177)
   defining Unicode char U+00B2 (decimal 178)
   defining Unicode char U+00B3 (decimal 179)
   defining Unicode char U+00B4 (decimal 180)
   defining Unicode char U+00B5 (decimal 181)
   defining Unicode char U+00B6 (decimal 182)
   defining Unicode char U+00B7 (decimal 183)
   defining Unicode char U+00B9 (decimal 185)
   defining Unicode char U+00BA (decimal 186)
   defining Unicode char U+00BC (decimal 188)
   defining Unicode char U+00BD (decimal 189)
   defining Unicode char U+00BE (decimal 190)
   defining Unicode char U+00D7 (decimal 215)
   defining Unicode char U+00F7 (decimal 247)
   defining Unicode char U+0192 (decimal 402)
   defining Unicode char U+02C7 (decimal 711)
   defining Unicode char U+02D8 (decimal 728)
   defining Unicode char U+02DD (decimal 733)
   defining Unicode char U+0E3F (decimal 3647)
   defining Unicode char U+2016 (decimal 8214)
   defining Unicode char U+2020 (decimal 8224)
   defining Unicode char U+2021 (decimal 8225)
   defining Unicode char U+2022 (decimal 8226)
   defining Unicode char U+2030 (decimal 8240)
   defining Unicode char U+2031 (decimal 8241)
   defining Unicode char U+203B (decimal 8251)
   defining Unicode char U+203D (decimal 8253)
   defining Unicode char U+2044 (decimal 8260)
   defining Unicode char U+204E (decimal 8270)
   defining Unicode char U+2052 (decimal 8274)
   defining Unicode char U+20A1 (decimal 8353)
   defining Unicode char U+20A4 (decimal 8356)
   defining Unicode char U+20A6 (decimal 8358)
   defining Unicode char U+20A9 (decimal 8361)
   defining Unicode char U+20AB (decimal 8363)
   defining Unicode char U+20AC (decimal 8364)
   defining Unicode char U+20B1 (decimal 8369)
   defining Unicode char U+2103 (decimal 8451)
   defining Unicode char U+2116 (decimal 8470)
   defining Unicode char U+2117 (decimal 8471)
   defining Unicode char U+211E (decimal 8478)
   defining Unicode char U+2120 (decimal 8480)
   defining Unicode char U+2122 (decimal 8482)
   defining Unicode char U+2126 (decimal 8486)
   defining Unicode char U+2127 (decimal 8487)
   defining Unicode char U+212E (decimal 8494)
   defining Unicode char U+2190 (decimal 8592)
   defining Unicode char U+2191 (decimal 8593)
   defining Unicode char U+2192 (decimal 8594)
   defining Unicode char U+2193 (decimal 8595)
   defining Unicode char U+2329 (decimal 9001)
   defining Unicode char U+232A (decimal 9002)
   defining Unicode char U+2422 (decimal 9250)
   defining Unicode char U+25E6 (decimal 9702)
   defining Unicode char U+25EF (decimal 9711)
   defining Unicode char U+266A (decimal 9834)
))
LaTeX Info: Redefining \oldstylenums on input line 266.
Package textcomp Info: Setting cmr sub-encoding to TS1/0 on input line 281.
Package textcomp Info: Setting cmss sub-encoding to TS1/0 on input line 282.
Package textcomp Info: Setting cmtt sub-encoding to TS1/0 on input line 283.
Package textcomp Info: Setting cmvtt sub-encoding to TS1/0 on input line 284.
Package textcomp Info: Setting cmbr sub-encoding to TS1/0 on input line 285.
Package textcomp Info: Setting cmtl sub-encoding to TS1/0 on input line 286.
Package textcomp Info: Setting ccr sub-encoding to TS1/0 on input line 287.
Package textcomp Info: Setting ptm sub-encoding to TS1/4 on input line 288.
Package textcomp Info: Setting pcr sub-encoding to TS1/4 on input line 289.
Package textcomp Info: Setting phv sub-encoding to TS1/4 on input line 290.
Package textcomp Info: Setting ppl sub-encoding to TS1/3 on input line 291.
Package textcomp Info: Setting pag sub-encoding to TS1/4 on input line 292.
Package textcomp Info: Setting pbk sub-encoding to TS1/4 on input line 293.
Package textcomp Info: Setting pnc sub-encoding to TS1/4 on input line 294.
Package textcomp Info: Setting pzc sub-encoding to TS1/4 on input line 295.
Package textcomp Info: Setting bch sub-encoding to TS1/4 on input line 296.
Package textcomp Info: Setting put sub-encoding to TS1/5 on input line 297.
Package textcomp Info: Setting uag sub-encoding to TS1/5 on input line 298.
Package textcomp Info: Setting ugq sub-encoding to TS1/5 on input line 299.
Package textcomp Info: Setting ul8 sub-encoding to TS1/4 on input line 300.
Package textcomp Info: Setting ul9 sub-encoding to TS1/4 on input line 301.
Package textcomp Info: Setting augie sub-encoding to TS1/5 on input line 302.
Package textcomp Info: Setting dayrom sub-encoding to TS1/3 on input line 303.
Package textcomp Info: Setting dayroms sub-encoding to TS1/3 on input line 304.

Package textcomp Info: Setting pxr sub-encoding to TS1/0 on input line 305.
Package textcomp Info: Setting pxss sub-encoding to TS1/0 on input line 306.
Package textcomp Info: Setting pxtt sub-encoding to TS1/0 on input line 307.
Package textcomp Info: Setting txr sub-encoding to TS1/0 on input line 308.
Package textcomp Info: Setting txss sub-encoding to TS1/0 on input line 309.
Package textcomp Info: Setting txtt sub-encoding to TS1/0 on input line 310.
Package textcomp Info: Setting lmr sub-encoding to TS1/0 on input line 311.
Package textcomp Info: Setting lmdh sub-encoding to TS1/0 on input line 312.
Package textcomp Info: Setting lmss sub-encoding to TS1/0 on input line 313.
Package textcomp Info: Setting lmssq sub-encoding to TS1/0 on input line 314.
Package textcomp Info: Setting lmvtt sub-encoding to TS1/0 on input line 315.
Package textcomp Info: Setting qhv sub-encoding to TS1/0 on input line 316.
Package textcomp Info: Setting qag sub-encoding to TS1/0 on input line 317.
Package textcomp Info: Setting qbk sub-encoding to TS1/0 on input line 318.
Package textcomp Info: Setting qcr sub-encoding to TS1/0 on input line 319.
Package textcomp Info: Setting qcs sub-encoding to TS1/0 on input line 320.
Package textcomp Info: Setting qpl sub-encoding to TS1/0 on input line 321.
Package textcomp Info: Setting qtm sub-encoding to TS1/0 on input line 322.
Package textcomp Info: Setting qzc sub-encoding to TS1/0 on input line 323.
Package textcomp Info: Setting qhvc sub-encoding to TS1/0 on input line 324.
Package textcomp Info: Setting futs sub-encoding to TS1/4 on input line 325.
Package textcomp Info: Setting futx sub-encoding to TS1/4 on input line 326.
Package textcomp Info: Setting futj sub-encoding to TS1/4 on input line 327.
Package textcomp Info: Setting hlh sub-encoding to TS1/3 on input line 328.
Package textcomp Info: Setting hls sub-encoding to TS1/3 on input line 329.
Package textcomp Info: Setting hlst sub-encoding to TS1/3 on input line 330.
Package textcomp Info: Setting hlct sub-encoding to TS1/5 on input line 331.
Package textcomp Info: Setting hlx sub-encoding to TS1/5 on input line 332.
Package textcomp Info: Setting hlce sub-encoding to TS1/5 on input line 333.
Package textcomp Info: Setting hlcn sub-encoding to TS1/5 on input line 334.
Package textcomp Info: Setting hlcw sub-encoding to TS1/5 on input line 335.
Package textcomp Info: Setting hlcf sub-encoding to TS1/5 on input line 336.
Package textcomp Info: Setting pplx sub-encoding to TS1/3 on input line 337.
Package textcomp Info: Setting pplj sub-encoding to TS1/3 on input line 338.
Package textcomp Info: Setting ptmx sub-encoding to TS1/4 on input line 339.
Package textcomp Info: Setting ptmj sub-encoding to TS1/4 on input line 340.
)
(C:\Users\Céline\Documents\Latex\tex\latex\tools\longtable.sty
Package: longtable 2004/02/01 v4.11 Multi-page Table package (DPC)
\LTleft=\skip60
\LTright=\skip61
\LTpre=\skip62
\LTpost=\skip63
\LTchunksize=\count105
\LTcapwidth=\dimen124
\LT@head=\box28
\LT@firsthead=\box29
\LT@foot=\box30
\LT@lastfoot=\box31
\LT@cols=\count106
\LT@rows=\count107
\c@LT@tables=\count108
\c@LT@chunks=\count109
\LT@p@ftn=\toks30
)
(C:\Users\Céline\Documents\Latex\tex\latex\colortbl\colortbl.sty
Package: colortbl 2012/02/13 v1.0a Color table columns (DPC)
\everycr=\toks31
\minrowclearance=\skip64
)
(C:\Users\Céline\Documents\Latex\tex\latex\multirow\multirow.sty
\bigstrutjot=\dimen125
)
(C:\Users\Céline\Documents\Latex\tex\latex\makecell\makecell.sty
Package: makecell 2009/08/03 V0.1e Managing of Tab Column Heads and Cells
\rotheadsize=\dimen126
\c@nlinenum=\count110
\TeXr@lab=\toks32
)
(C:\Users\Céline\Documents\Latex\tex\latex\pdfpages\pdfpages.sty
Package: pdfpages 2013/08/25 v0.4v Insert pages of external PDF documents (AM)

(C:\Users\Céline\Documents\Latex\tex\latex\tools\calc.sty
Package: calc 2007/08/22 v4.3 Infix arithmetic (KKT,FJ)
\calc@Acount=\count111
\calc@Bcount=\count112
\calc@Adimen=\dimen127
\calc@Bdimen=\dimen128
\calc@Askip=\skip65
\calc@Bskip=\skip66
LaTeX Info: Redefining \setlength on input line 76.
LaTeX Info: Redefining \addtolength on input line 77.
\calc@Ccount=\count113
\calc@Cskip=\skip67
)
(C:\Users\Céline\Documents\Latex\tex\latex\eso-pic\eso-pic.sty
Package: eso-pic 2013/10/06 v2.0d eso-pic (RN)

(C:\Users\Céline\Documents\Latex\tex\generic\oberdiek\atbegshi.sty
Package: atbegshi 2011/10/05 v1.16 At begin shipout hook (HO)

(C:\Users\Céline\Documents\Latex\tex\generic\oberdiek\ifpdf.sty
Package: ifpdf 2011/01/30 v2.3 Provides the ifpdf switch (HO)
Package ifpdf Info: pdfTeX in PDF mode is detected.
)))
(C:\Users\Céline\Documents\Latex\tex\latex\pdfpages\pppdftex.def
File: pppdftex.def 2013/08/25 v0.4v Pdfpages driver for pdfTeX (AM)
)
\AM@pagebox=\box32
\AM@toc@title=\toks33
\c@AM@survey=\count114
\AM@templatesizebox=\box33
)
(C:\Users\Céline\Documents\Latex\tex\latex\xcolor\xcolor.sty
Package: xcolor 2007/01/21 v2.11 LaTeX color extensions (UK)

(C:\Users\Céline\Documents\Latex\tex\latex\00miktex\color.cfg
File: color.cfg 2007/01/18 v1.5 color configuration of teTeX/TeXLive
)
Package xcolor Info: Package option `usenames' ignored on input line 216.
Package xcolor Info: Driver file: pdftex.def on input line 225.
LaTeX Info: Redefining \color on input line 702.
\rownum=\count115
Package xcolor Info: Model `cmy' substituted by `cmy0' on input line 1337.
Package xcolor Info: Model `hsb' substituted by `rgb' on input line 1341.
Package xcolor Info: Model `RGB' extended on input line 1353.
Package xcolor Info: Model `HTML' substituted by `rgb' on input line 1355.
Package xcolor Info: Model `Hsb' substituted by `hsb' on input line 1356.
Package xcolor Info: Model `tHsb' substituted by `hsb' on input line 1357.
Package xcolor Info: Model `HSB' substituted by `hsb' on input line 1358.
Package xcolor Info: Model `Gray' substituted by `gray' on input line 1359.
Package xcolor Info: Model `wave' substituted by `hsb' on input line 1360.

(C:\Users\Céline\Documents\Latex\tex\latex\graphics\dvipsnam.def
File: dvipsnam.def 1999/02/16 v3.0i Driver-dependant file (DPC,SPQR)
)
(C:\Users\Céline\Documents\Latex\tex\latex\xcolor\svgnam.def
File: svgnam.def 2007/01/21 v2.11 Predefined colors according to SVG 1.1 (UK)
))
(C:\Users\Céline\Documents\Latex\tex\latex\lastpage\lastpage.sty

LaTeX Warning: You have requested release `2014/05/01' of LaTeX,
               but only release `2011/06/27' is available.

Package: lastpage 2015/03/29 v1.2m Refers to last page's name (HMM; JPG)
) (C:\Users\Céline\Documents\Latex\tex\latex\listings\listings.sty
\lst@mode=\count116
\lst@gtempboxa=\box34
\lst@token=\toks34
\lst@length=\count117
\lst@currlwidth=\dimen129
\lst@column=\count118
\lst@pos=\count119
\lst@lostspace=\dimen130
\lst@width=\dimen131
\lst@newlines=\count120
\lst@lineno=\count121
\lst@maxwidth=\dimen132

(C:\Users\Céline\Documents\Latex\tex\latex\listings\lstmisc.sty
File: lstmisc.sty 2013/08/26 1.5b (Carsten Heinz)
\c@lstnumber=\count122
\lst@skipnumbers=\count123
\lst@framebox=\box35
)
(C:\Users\Céline\Documents\Latex\tex\latex\listings\listings.cfg
File: listings.cfg 2013/08/26 1.5b listings configuration
))
Package: listings 2013/08/26 1.5b (Carsten Heinz)

(C:\Users\Céline\Documents\Latex\tex\latex\listings\lstlang1.sty
File: lstlang1.sty 2013/08/26 1.5b listings language file
)
(C:\Users\Céline\Documents\Latex\tex\latex\listings\lstmisc.sty
File: lstmisc.sty 2013/08/26 1.5b (Carsten Heinz)
))
(C:\Users\Céline\pfe_analyse_technique\doc\src\ressources/vocabulaire/vocabula
ire.sty

LaTeX Warning: You have requested package `ressources/vocabulaire/vocabulaire',

               but the package provides `vocabulaire'.

Package: vocabulaire 
(C:\Users\Céline\Documents\Latex\tex\latex\base\fontenc.sty
Package: fontenc 2005/09/27 v1.99g Standard LaTeX package

(C:\Users\Céline\Documents\Latex\tex\latex\base\t1enc.def
File: t1enc.def 2005/09/27 v1.99g Standard LaTeX file
LaTeX Font Info:    Redeclaring font encoding T1 on input line 43.
)))
(C:\Users\Céline\pfe_analyse_technique\doc\src\ressources/packages/packages.te
x (C:\Users\Céline\Documents\Latex\tex\latex\base\fontenc.sty
Package: fontenc 2005/09/27 v1.99g Standard LaTeX package

(C:\Users\Céline\Documents\Latex\tex\latex\base\t1enc.def
File: t1enc.def 2005/09/27 v1.99g Standard LaTeX file
LaTeX Font Info:    Redeclaring font encoding T1 on input line 43.
))
(C:\Users\Céline\Documents\Latex\tex\latex\float\float.sty
Package: float 2001/11/08 v1.3d Float enhancements (AL)
\c@float@type=\count124
\float@exts=\toks35
\float@box=\box36
\@float@everytoks=\toks36
\@floatcapt=\box37
)
(C:\Users\Céline\Documents\Latex\tex\latex\diagbox\diagbox.sty
Package: diagbox 2011/11/23 v2.0 Making table heads with diagonal lines

(C:\Users\Céline\Documents\Latex\tex\latex\pict2e\pict2e.sty
Package: pict2e 2014/01/12 v0.2z Improved picture commands (HjG,RN,JT)

(C:\Users\Céline\Documents\Latex\tex\latex\00miktex\pict2e.cfg
File: pict2e.cfg 2005/12/29 v1.0 MiKTeX 'pict2e' configuration
)
Package pict2e Info: Driver file: pdftex.def on input line 119.
Package pict2e Info: Driver file for pict2e: p2e-pdftex.def on input line 121.

(C:\Users\Céline\Documents\Latex\tex\latex\pict2e\p2e-pdftex.def
File: p2e-pdftex.def 2011/04/05 v0.1t Driver-dependant file (RN,HjG,JT)
)
\pIIe@GRAPH=\toks37
\@arclen=\dimen133
\@arcrad=\dimen134
\@tempdimd=\dimen135
)
(C:\Users\Céline\Documents\Latex\tex\latex\fp\fp.sty
Package: fp 1995/04/02

`Fixed Point Package', Version 0.8, April 2, 1995 (C) Michael Mehlich
(C:\Users\Céline\Documents\Latex\tex\latex\fp\defpattern.sty
Package: defpattern 1994/10/12
\actioncount=\count125
)
(C:\Users\Céline\Documents\Latex\tex\latex\fp\fp-basic.sty
Package: fp-basic 1996/05/13
\FP@xs=\count126
\FP@xia=\count127
\FP@xib=\count128
\FP@xfa=\count129
\FP@xfb=\count130
\FP@rega=\count131
\FP@regb=\count132
\FP@regs=\count133
\FP@times=\count134
)
(C:\Users\Céline\Documents\Latex\tex\latex\fp\fp-addons.sty
Package: fp-addons 1995/03/15
)
(C:\Users\Céline\Documents\Latex\tex\latex\fp\fp-snap.sty
Package: fp-snap 1995/04/05
)
(C:\Users\Céline\Documents\Latex\tex\latex\fp\fp-exp.sty
Package: fp-exp 1995/04/03
)
(C:\Users\Céline\Documents\Latex\tex\latex\fp\fp-trigo.sty
Package: fp-trigo 1995/04/14
)
(C:\Users\Céline\Documents\Latex\tex\latex\fp\fp-pas.sty
Package: fp-pas 1994/08/29
)
(C:\Users\Céline\Documents\Latex\tex\latex\fp\fp-random.sty
Package: fp-random 1995/02/23
\FPseed=\count135
)
(C:\Users\Céline\Documents\Latex\tex\latex\fp\fp-eqn.sty
Package: fp-eqn 1995/04/03
)
(C:\Users\Céline\Documents\Latex\tex\latex\fp\fp-upn.sty
Package: fp-upn 1996/10/21
)
(C:\Users\Céline\Documents\Latex\tex\latex\fp\fp-eval.sty
Package: fp-eval 1995/04/03
))
\diagbox@boxa=\box38
\diagbox@boxb=\box39
\diagbox@boxm=\box40
\diagbox@wd=\dimen136
\diagbox@ht=\dimen137
\diagbox@sepl=\dimen138
\diagbox@sepr=\dimen139
)
(C:\Users\Céline\Documents\Latex\tex\latex\hyperref\hyperref.sty
Package: hyperref 2012/11/06 v6.83m Hypertext links for LaTeX

(C:\Users\Céline\Documents\Latex\tex\generic\oberdiek\hobsub-hyperref.sty
Package: hobsub-hyperref 2012/04/25 v1.12 Bundle oberdiek, subset hyperref (HO)


(C:\Users\Céline\Documents\Latex\tex\generic\oberdiek\hobsub-generic.sty
Package: hobsub-generic 2012/04/25 v1.12 Bundle oberdiek, subset generic (HO)
Package: hobsub 2012/04/25 v1.12 Construct package bundles (HO)
Package hobsub Info: Skipping package `infwarerr' (already loaded).
Package hobsub Info: Skipping package `ltxcmds' (already loaded).
Package: ifluatex 2010/03/01 v1.3 Provides the ifluatex switch (HO)
Package ifluatex Info: LuaTeX not detected.
Package: ifvtex 2010/03/01 v1.5 Detect VTeX and its facilities (HO)
Package ifvtex Info: VTeX not detected.
Package: intcalc 2007/09/27 v1.1 Expandable calculations with integers (HO)
Package hobsub Info: Skipping package `ifpdf' (already loaded).
Package: etexcmds 2011/02/16 v1.5 Avoid name clashes with e-TeX commands (HO)
Package etexcmds Info: Could not find \expanded.
(etexcmds)             That can mean that you are not using pdfTeX 1.50 or
(etexcmds)             that some package has redefined \expanded.
(etexcmds)             In the latter case, load this package earlier.
Package: kvsetkeys 2012/04/25 v1.16 Key value parser (HO)
Package: kvdefinekeys 2011/04/07 v1.3 Define keys (HO)
Package: pdftexcmds 2011/11/29 v0.20 Utility functions of pdfTeX for LuaTeX (HO
)
Package pdftexcmds Info: LuaTeX not detected.
Package pdftexcmds Info: \pdf@primitive is available.
Package pdftexcmds Info: \pdf@ifprimitive is available.
Package pdftexcmds Info: \pdfdraftmode found.
Package: pdfescape 2011/11/25 v1.13 Implements pdfTeX's escape features (HO)
Package: bigintcalc 2012/04/08 v1.3 Expandable calculations on big integers (HO
)
Package: bitset 2011/01/30 v1.1 Handle bit-vector datatype (HO)
Package: uniquecounter 2011/01/30 v1.2 Provide unlimited unique counter (HO)
)
Package hobsub Info: Skipping package `hobsub' (already loaded).
Package: letltxmacro 2010/09/02 v1.4 Let assignment for LaTeX macros (HO)
Package: hopatch 2011/06/24 v1.1 Wrapper for package hooks (HO)
Package: xcolor-patch 2011/01/30 xcolor patch
Package: atveryend 2011/06/30 v1.8 Hooks at the very end of document (HO)
Package atveryend Info: \enddocument detected (standard20110627).
Package hobsub Info: Skipping package `atbegshi' (already loaded).
Package: refcount 2011/10/16 v3.4 Data extraction from label references (HO)
Package: hycolor 2011/01/30 v1.7 Color options for hyperref/bookmark (HO)
)
(C:\Users\Céline\Documents\Latex\tex\generic\ifxetex\ifxetex.sty
Package: ifxetex 2010/09/12 v0.6 Provides ifxetex conditional
)
(C:\Users\Céline\Documents\Latex\tex\latex\oberdiek\auxhook.sty
Package: auxhook 2011/03/04 v1.3 Hooks for auxiliary files (HO)
)
(C:\Users\Céline\Documents\Latex\tex\latex\oberdiek\kvoptions.sty
Package: kvoptions 2011/06/30 v3.11 Key value format for package options (HO)
)
\@linkdim=\dimen140
\Hy@linkcounter=\count136
\Hy@pagecounter=\count137

(C:\Users\Céline\Documents\Latex\tex\latex\hyperref\pd1enc.def
File: pd1enc.def 2012/11/06 v6.83m Hyperref: PDFDocEncoding definition (HO)
Now handling font encoding PD1 ...
... no UTF-8 mapping file for font encoding PD1
)
\Hy@SavedSpaceFactor=\count138

(C:\Users\Céline\Documents\Latex\tex\latex\00miktex\hyperref.cfg
File: hyperref.cfg 2002/06/06 v1.2 hyperref configuration of TeXLive
)
Package hyperref Info: Option `colorlinks' set `true' on input line 4319.
Package hyperref Info: Hyper figures OFF on input line 4443.
Package hyperref Info: Link nesting OFF on input line 4448.
Package hyperref Info: Hyper index ON on input line 4451.
Package hyperref Info: Plain pages OFF on input line 4458.
Package hyperref Info: Backreferencing OFF on input line 4463.
Package hyperref Info: Implicit mode ON; LaTeX internals redefined.
Package hyperref Info: Bookmarks ON on input line 4688.
\c@Hy@tempcnt=\count139

(C:\Users\Céline\Documents\Latex\tex\latex\url\url.sty
\Urlmuskip=\muskip11
Package: url 2013/09/16  ver 3.4  Verb mode for urls, etc.
)
LaTeX Info: Redefining \url on input line 5041.
\XeTeXLinkMargin=\dimen141
\Fld@menulength=\count140
\Field@Width=\dimen142
\Fld@charsize=\dimen143
Package hyperref Info: Hyper figures OFF on input line 6295.
Package hyperref Info: Link nesting OFF on input line 6300.
Package hyperref Info: Hyper index ON on input line 6303.
Package hyperref Info: backreferencing OFF on input line 6310.
Package hyperref Info: Link coloring ON on input line 6313.
Package hyperref Info: Link coloring with OCG OFF on input line 6320.
Package hyperref Info: PDF/A mode OFF on input line 6325.
LaTeX Info: Redefining \ref on input line 6365.
LaTeX Info: Redefining \pageref on input line 6369.
\Hy@abspage=\count141
\c@Item=\count142
\c@Hfootnote=\count143
)

Package hyperref Message: Driver (autodetected): hpdftex.

(C:\Users\Céline\Documents\Latex\tex\latex\hyperref\hpdftex.def
File: hpdftex.def 2012/11/06 v6.83m Hyperref driver for pdfTeX
\Fld@listcount=\count144
\c@bookmark@seq@number=\count145

(C:\Users\Céline\Documents\Latex\tex\latex\oberdiek\rerunfilecheck.sty
Package: rerunfilecheck 2011/04/15 v1.7 Rerun checks for auxiliary files (HO)
Package uniquecounter Info: New unique counter `rerunfilecheck' on input line 2
82.
)
\Hy@SectionHShift=\skip68
)
(C:\Users\Céline\Documents\Latex\tex\latex\geometry\geometry.sty
Package: geometry 2010/09/12 v5.6 Page Geometry
\Gm@cnth=\count146
\Gm@cntv=\count147
\c@Gm@tempcnt=\count148
\Gm@bindingoffset=\dimen144
\Gm@wd@mp=\dimen145
\Gm@odd@mp=\dimen146
\Gm@even@mp=\dimen147
\Gm@layoutwidth=\dimen148
\Gm@layoutheight=\dimen149
\Gm@layouthoffset=\dimen150
\Gm@layoutvoffset=\dimen151
\Gm@dimlist=\toks38

(C:\Users\Céline\Documents\Latex\tex\latex\geometry\geometry.cfg))
(C:\Users\Céline\Documents\Latex\tex\latex\psnfss\helvet.sty
Package: helvet 2005/04/12 PSNFSS-v9.2a (WaS) 
)
(C:\Users\Céline\Documents\Latex\tex\latex\graphics\lscape.sty
Package: lscape 2000/10/22 v3.01 Landscape Pages (DPC)
)
(C:\Users\Céline\Documents\Latex\tex\latex\wasysym\wasysym.sty
Package: wasysym 2003/10/30 v2.0 Wasy-2 symbol support package
\symwasy=\mathgroup6
LaTeX Font Info:    Overwriting symbol font `wasy' in version `bold'
(Font)                  U/wasy/m/n --> U/wasy/b/n on input line 90.
)
(C:\Users\Céline\Documents\Latex\tex\latex\oberdiek\grffile.sty
Package: grffile 2012/04/05 v1.16 Extended file name support for graphics (HO)
Package grffile Info: Option `multidot' is set to `true'.
Package grffile Info: Option `extendedchars' is set to `false'.
Package grffile Info: Option `space' is set to `true'.
Package grffile Info: \Gin@ii of package `graphicx' fixed on input line 486.
))
(C:\Users\Céline\Documents\Latex\tex\latex\base\fontenc.sty
Package: fontenc 2005/09/27 v1.99g Standard LaTeX package

(C:\Users\Céline\Documents\Latex\tex\latex\base\t1enc.def
File: t1enc.def 2005/09/27 v1.99g Standard LaTeX file
LaTeX Font Info:    Redeclaring font encoding T1 on input line 43.
))
(C:\Users\Céline\Documents\Latex\tex\latex\titlesec\titlesec.sty
Package: titlesec 2011/12/15 v2.10.0 Sectioning titles
\ttl@box=\box41
\beforetitleunit=\skip69
\aftertitleunit=\skip70
\ttl@plus=\dimen152
\ttl@minus=\dimen153
\ttl@toksa=\toks39
\titlewidth=\dimen154
\titlewidthlast=\dimen155
\titlewidthfirst=\dimen156
)
(C:\Users\Céline\pfe_analyse_technique\doc\src\Rapport.aux)
LaTeX Font Info:    Checking defaults for OML/cmm/m/it on input line 13.
LaTeX Font Info:    ... okay on input line 13.
LaTeX Font Info:    Checking defaults for T1/cmr/m/n on input line 13.
LaTeX Font Info:    ... okay on input line 13.
LaTeX Font Info:    Checking defaults for OT1/cmr/m/n on input line 13.
LaTeX Font Info:    ... okay on input line 13.
LaTeX Font Info:    Checking defaults for OMS/cmsy/m/n on input line 13.
LaTeX Font Info:    ... okay on input line 13.
LaTeX Font Info:    Checking defaults for OMX/cmex/m/n on input line 13.
LaTeX Font Info:    ... okay on input line 13.
LaTeX Font Info:    Checking defaults for U/cmr/m/n on input line 13.
LaTeX Font Info:    ... okay on input line 13.
LaTeX Font Info:    Checking defaults for TS1/cmr/m/n on input line 13.
LaTeX Font Info:    Try loading font information for TS1+cmr on input line 13.

(C:\Users\Céline\Documents\Latex\tex\latex\base\ts1cmr.fd
File: ts1cmr.fd 1999/05/25 v2.5h Standard LaTeX font definitions
)
LaTeX Font Info:    ... okay on input line 13.
LaTeX Font Info:    Checking defaults for PD1/pdf/m/n on input line 13.
LaTeX Font Info:    ... okay on input line 13.
LaTeX Font Info:    Try loading font information for T1+phv on input line 13.

(C:\Users\Céline\Documents\Latex\tex\latex\psnfss\t1phv.fd
File: t1phv.fd 2001/06/04 scalable font definitions for T1/phv.
)
(C:\Users\Céline\Documents\Latex\tex\context\base\supp-pdf.mkii
[Loading MPS to PDF converter (version 2006.09.02).]
\scratchcounter=\count149
\scratchdimen=\dimen157
\scratchbox=\box42
\nofMPsegments=\count150
\nofMParguments=\count151
\everyMPshowfont=\toks40
\MPscratchCnt=\count152
\MPscratchDim=\dimen158
\MPnumerator=\count153
\makeMPintoPDFobject=\count154
\everyMPtoPDFconversion=\toks41
)
LaTeX Info: Redefining \degres on input line 13.
LaTeX Info: Redefining \dots on input line 13.
LaTeX Info: Redefining \up on input line 13.
\AtBeginShipoutBox=\box43
Package lastpage Info: Please have a look at the pageslts package at
(lastpage)             https://www.ctan.org/pkg/pageslts
(lastpage)             ! on input line 13.
\c@lstlisting=\count155
Package hyperref Info: Link coloring ON on input line 13.
 (C:\Users\Céline\Documents\Latex\tex\latex\hyperref\nameref.sty
Package: nameref 2012/10/27 v2.43 Cross-referencing by name of section

(C:\Users\Céline\Documents\Latex\tex\generic\oberdiek\gettitlestring.sty
Package: gettitlestring 2010/12/03 v1.4 Cleanup title references (HO)
)
\c@section@level=\count156
)
LaTeX Info: Redefining \ref on input line 13.
LaTeX Info: Redefining \pageref on input line 13.
LaTeX Info: Redefining \nameref on input line 13.

(C:\Users\Céline\pfe_analyse_technique\doc\src\Rapport.out)
(C:\Users\Céline\pfe_analyse_technique\doc\src\Rapport.out)
\@outlinefile=\write3

*geometry* driver: auto-detecting
*geometry* detected driver: pdftex
*geometry* verbose mode - [ preamble ] result:
* driver: pdftex
* paper: <default>
* layout: <same size as paper>
* layoutoffset:(h,v)=(0.0pt,0.0pt)
* modes: 
* h-part:(L,W,R)=(71.13188pt, 472.03123pt, 71.13188pt)
* v-part:(T,H,B)=(71.13188pt, 652.70622pt, 71.13188pt)
* \paperwidth=614.295pt
* \paperheight=794.96999pt
* \textwidth=472.03123pt
* \textheight=652.70622pt
* \oddsidemargin=-1.1381pt
* \evensidemargin=-1.1381pt
* \topmargin=-41.1381pt
* \headheight=15.0pt
* \headsep=25.0pt
* \topskip=10.0pt
* \footskip=30.0pt
* \marginparwidth=65.0pt
* \marginparsep=11.0pt
* \columnsep=10.0pt
* \skip\footins=9.0pt plus 4.0pt minus 2.0pt
* \hoffset=0.0pt
* \voffset=0.0pt
* \mag=1000
* \@twocolumnfalse
* \@twosidefalse
* \@mparswitchfalse
* \@reversemarginfalse
* (1in=72.27pt=25.4mm, 1cm=28.453pt)

(C:\Users\Céline\Documents\Latex\tex\latex\listings\lstlang1.sty
File: lstlang1.sty 2013/08/26 1.5b listings language file
)
<ressources/images/finance.jpg, id=131, 566.115pt x 316.18124pt>
File: ressources/images/finance.jpg Graphic file (type jpg)

<use ressources/images/finance.jpg>
Package pdftex.def Info: ressources/images/finance.jpg used on input line 42.
(pdftex.def)             Requested size: 1172.25354pt x 654.84323pt.

<ressources/images/pageGarde.png, id=132, 600.05092pt x 847.14835pt>
File: ressources/images/pageGarde.png Graphic file (type png)

<use ressources/images/pageGarde.png>
Package pdftex.def Info: ressources/images/pageGarde.png used on input line 42.

(pdftex.def)             Requested size: 614.57951pt x 867.72513pt.
LaTeX Font Info:    Font shape `T1/phv/bx/n' in size <52> not available
(Font)              Font shape `T1/phv/b/n' tried instead on input line 42.
LaTeX Font Info:    Font shape `T1/phv/bx/n' in size <57> not available
(Font)              Font shape `T1/phv/b/n' tried instead on input line 42.
LaTeX Font Info:    Try loading font information for U+msa on input line 42.

(C:\Users\Céline\Documents\Latex\tex\latex\amsfonts\umsa.fd
File: umsa.fd 2013/01/14 v3.01 AMS symbols A
)
LaTeX Font Info:    Try loading font information for U+msb on input line 42.

(C:\Users\Céline\Documents\Latex\tex\latex\amsfonts\umsb.fd
File: umsb.fd 2013/01/14 v3.01 AMS symbols B
)
LaTeX Font Info:    Try loading font information for U+wasy on input line 42.

(C:\Users\Céline\Documents\Latex\tex\latex\wasysym\uwasy.fd
File: uwasy.fd 2003/10/30 v2.0 Wasy-2 symbol font definitions
) [1

{C:/Users/Céline/AppData/Local/MiKTeX/2.9/pdftex/config/pdftex.map} <C:/Users/
Céline/pfe_analyse_technique/doc/src/ressources/images/finance.jpg> <C:/Users/
Céline/pfe_analyse_technique/doc/src/ressources/images/pageGarde.png>]

Package Fancyhdr Warning: \fancyhead's `E' option without twoside option is use
less on input line 43.


Package Fancyhdr Warning: \fancyfoot's `E' option without twoside option is use
less on input line 43.

LaTeX Font Info:    Font shape `T1/phv/bx/n' in size <24.88> not available
(Font)              Font shape `T1/phv/b/n' tried instead on input line 46.
(C:\Users\Céline\pfe_analyse_technique\doc\src\Rapport.toc
LaTeX Font Info:    Font shape `T1/phv/bx/n' in size <10> not available
(Font)              Font shape `T1/phv/b/n' tried instead on input line 2.
)
\tf@toc=\write4

(C:\Users\Céline\pfe_analyse_technique\doc\src\ressources/tex/IntroductionEtPr
oblematique.tex
LaTeX Font Info:    Font shape `T1/phv/m/it' in size <10> not available
(Font)              Font shape `T1/phv/m/sl' tried instead on input line 1.

<ressources/images/PiedDePage.pdf, id=206, 135.7058pt x 31.22939pt>
File: ressources/images/PiedDePage.pdf Graphic file (type pdf)

<use ressources/images/PiedDePage.pdf>
Package pdftex.def Info: ressources/images/PiedDePage.pdf used on input line 1.

(pdftex.def)             Requested size: 139.4185pt x 32.08417pt.
LaTeX Font Info:    Font shape `T1/phv/m/it' in size <7> not available
(Font)              Font shape `T1/phv/m/sl' tried instead on input line 1.
pdfTeX warning (ext4): destination with the same identifier (name{page.1}) has 
been already used, duplicate ignored
<to be read again> 
                   \relax 
l.1 \chapter
            {Introduction et problématique} [1

 <C:/Users/Céline/pfe_analyse_technique/doc/src/ressources/images/PiedDePage.p
df>]
Chapitre 1.
LaTeX Font Info:    Font shape `T1/phv/bx/n' in size <20.74> not available
(Font)              Font shape `T1/phv/b/n' tried instead on input line 1.

Underfull \hbox (badness 10000) in paragraph at lines 2--5

 []


Underfull \hbox (badness 10000) in paragraph at lines 2--5

 []

)
(C:\Users\Céline\pfe_analyse_technique\doc\src\ressources/tex/BesoinEtExigence
.tex
File: ressources/images/PiedDePage.pdf Graphic file (type pdf)
 <use ressources/images/PiedDePage.pdf>
Package pdftex.def Info: ressources/images/PiedDePage.pdf used on input line 1.

(pdftex.def)             Requested size: 139.4185pt x 32.08417pt.
 [2

]
Chapitre 2.
LaTeX Font Info:    Font shape `T1/phv/bx/n' in size <14.4> not available
(Font)              Font shape `T1/phv/b/n' tried instead on input line 9.

Underfull \hbox (badness 10000) in paragraph at lines 10--12

 []


Underfull \hbox (badness 10000) in paragraph at lines 14--16

 []

)
(C:\Users\Céline\pfe_analyse_technique\doc\src\ressources/tex/ModeleDeLaPlatef
orme.tex
Underfull \hbox (badness 10000) in paragraph at lines 18--1

 []

File: ressources/images/PiedDePage.pdf Graphic file (type pdf)
<use ressources/images/PiedDePage.pdf>
Package pdftex.def Info: ressources/images/PiedDePage.pdf used on input line 1.

(pdftex.def)             Requested size: 139.4185pt x 32.08417pt.
 [3

]
Chapitre 3.
<../graph/CasDutilisationGeneral.png, id=221, 1243.64626pt x 435.6275pt>
File: ../graph/CasDutilisationGeneral.png Graphic file (type png)

<use ../graph/CasDutilisationGeneral.png>
Package pdftex.def Info: ../graph/CasDutilisationGeneral.png used on input line
 4.
(pdftex.def)             Requested size: 472.0212pt x 165.34074pt.

Overfull \hbox (14.98996pt too wide) in paragraph at lines 4--11
[][] 
 []


Underfull \hbox (badness 10000) in paragraph at lines 4--11

 []


Underfull \hbox (badness 10000) in paragraph at lines 4--11

 []


Underfull \hbox (badness 10000) in paragraph at lines 4--11

 []


Underfull \hbox (badness 10000) in paragraph at lines 4--11

 []

LaTeX Font Info:    Font shape `T1/phv/bx/n' in size <12> not available
(Font)              Font shape `T1/phv/b/n' tried instead on input line 13.

<../graph/DiagrammeSequenceCreationCompte.png, id=222, 501.875pt x 276.03125pt>
File: ../graph/DiagrammeSequenceCreationCompte.png Graphic file (type png)
<use ../graph/DiagrammeSequenceCreationCompte.png>
Package pdftex.def Info: ../graph/DiagrammeSequenceCreationCompte.png used on i
nput line 14.
(pdftex.def)             Requested size: 250.93687pt x 138.01527pt.

Underfull \hbox (badness 10000) in paragraph at lines 14--15

 []

File: ressources/images/PiedDePage.pdf Graphic file (type pdf)
<use ressources/images/PiedDePage.pdf>
Package pdftex.def Info: ressources/images/PiedDePage.pdf used on input line 16
.
(pdftex.def)             Requested size: 139.4185pt x 32.08417pt.
 [4

 <C:/Users/Céline/pfe_analyse_technique/doc/graph/CasDutilisationGeneral.png>]

<../graph/DiagrammeSequenceAuthentification.png, id=227, 500.87125pt x 305.14pt
>
File: ../graph/DiagrammeSequenceAuthentification.png Graphic file (type png)
 <use ../graph/DiagrammeSequenceAuthentification.png>
Package pdftex.def Info: ../graph/DiagrammeSequenceAuthentification.png used on
 input line 17.
(pdftex.def)             Requested size: 250.435pt x 152.56961pt.

Underfull \hbox (badness 10000) in paragraph at lines 17--18

 []


<../graph/DiagrammeSequenceCreationPortefeuille.png, id=228, 403.5075pt x 156.5
85pt>
File: ../graph/DiagrammeSequenceCreationPortefeuille.png Graphic file (type png
)
 <use ../graph/DiagrammeSequenceCreationPortefeuille.png>
Package pdftex.def Info: ../graph/DiagrammeSequenceCreationPortefeuille.png use
d on input line 20.
(pdftex.def)             Requested size: 201.75325pt x 78.2923pt.

Underfull \hbox (badness 10000) in paragraph at lines 20--21

 []


<../graph/DiagrammeSequenceConsulterClassement.png, id=229, 375.4025pt x 305.14
pt>
File: ../graph/DiagrammeSequenceConsulterClassement.png Graphic file (type png)

 <use ../graph/DiagrammeSequenceConsulterClassement.png>
Package pdftex.def Info: ../graph/DiagrammeSequenceConsulterClassement.png used
 on input line 23.
(pdftex.def)             Requested size: 187.70079pt x 152.56961pt.

Underfull \hbox (badness 10000) in paragraph at lines 23--24

 []

File: ressources/images/PiedDePage.pdf Graphic file (type pdf)
<use ressources/images/PiedDePage.pdf>
Package pdftex.def Info: ressources/images/PiedDePage.pdf used on input line 25
.
(pdftex.def)             Requested size: 139.4185pt x 32.08417pt.
 [5 <C:/Users/Céline/pfe_analyse_technique/doc/graph/DiagrammeSequenceCreation
Compte.png (PNG copy)> <C:/Users/Céline/pfe_analyse_technique/doc/graph/Diagra
mmeSequenceAuthentification.png (PNG copy)> <C:/Users/Céline/pfe_analyse_techn
ique/doc/graph/DiagrammeSequenceCreationPortefeuille.png (PNG copy)>]
<../graph/DiagrammeSequenceConsulterGererPortefeuille.png, id=234, 284.06125pt 
x 187.70125pt>
File: ../graph/DiagrammeSequenceConsulterGererPortefeuille.png Graphic file (ty
pe png)
 <use ../graph/DiagrammeSequenceConsulterGererPortefeuille.png>
Package pdftex.def Info: ../graph/DiagrammeSequenceConsulterGererPortefeuille.p
ng used on input line 26.
(pdftex.def)             Requested size: 142.03026pt x 93.85039pt.

Underfull \hbox (badness 10000) in paragraph at lines 26--27

 []


<../graph/DiagrammeSequenceConsulterActif.png, id=235, 477.785pt x 276.03125pt>
File: ../graph/DiagrammeSequenceConsulterActif.png Graphic file (type png)
<use ../graph/DiagrammeSequenceConsulterActif.png>
Package pdftex.def Info: ../graph/DiagrammeSequenceConsulterActif.png used on i
nput line 29.
(pdftex.def)             Requested size: 238.8919pt x 138.01527pt.

Underfull \hbox (badness 10000) in paragraph at lines 29--30

 []


<../graph/DiagrammeSequenceCalculerIndicateur.png, id=236, 315.1775pt x 198.742
5pt>
File: ../graph/DiagrammeSequenceCalculerIndicateur.png Graphic file (type png)
 <use ../graph/DiagrammeSequenceCalculerIndicateur.png>
Package pdftex.def Info: ../graph/DiagrammeSequenceCalculerIndicateur.png used 
on input line 32.
(pdftex.def)             Requested size: 157.58836pt x 99.371pt.

Underfull \hbox (badness 10000) in paragraph at lines 32--33

 []

File: ressources/images/PiedDePage.pdf Graphic file (type pdf)
<use ressources/images/PiedDePage.pdf>
Package pdftex.def Info: ressources/images/PiedDePage.pdf used on input line 34
.
(pdftex.def)             Requested size: 139.4185pt x 32.08417pt.
 [6 <C:/Users/Céline/pfe_analyse_technique/doc/graph/DiagrammeSequenceConsulte
rClassement.png (PNG copy)> <C:/Users/Céline/pfe_analyse_technique/doc/graph/D
iagrammeSequenceConsulterGererPortefeuille.png (PNG copy)> <C:/Users/Céline/pf
e_analyse_technique/doc/graph/DiagrammeSequenceConsulterActif.png (PNG copy)>]
<../graph/DiagrammeSequenceConsulterListeActifs.png, id=242, 719.68875pt x 303.
1325pt>
File: ../graph/DiagrammeSequenceConsulterListeActifs.png Graphic file (type png
)
 <use ../graph/DiagrammeSequenceConsulterListeActifs.png>
Package pdftex.def Info: ../graph/DiagrammeSequenceConsulterListeActifs.png use
d on input line 35.
(pdftex.def)             Requested size: 359.84349pt x 151.56587pt.

Underfull \hbox (badness 10000) in paragraph at lines 35--36

 []


<../graph/DiagrammeSequenceGererPortefeuille.png, id=243, 284.06125pt x 217.813
75pt>
File: ../graph/DiagrammeSequenceGererPortefeuille.png Graphic file (type png)
 <use ../graph/DiagrammeSequenceGererPortefeuille.png>
Package pdftex.def Info: ../graph/DiagrammeSequenceGererPortefeuille.png used o
n input line 38.
(pdftex.def)             Requested size: 142.03026pt x 108.9066pt.

Underfull \hbox (badness 10000) in paragraph at lines 38--39

 []

<../graph/DiagrammeSequenceAcheterActif.png, id=244, 525.965pt x 303.1325pt>
File: ../graph/DiagrammeSequenceAcheterActif.png Graphic file (type png)

<use ../graph/DiagrammeSequenceAcheterActif.png>
Package pdftex.def Info: ../graph/DiagrammeSequenceAcheterActif.png used on inp
ut line 41.
(pdftex.def)             Requested size: 262.98184pt x 151.56587pt.

Underfull \hbox (badness 10000) in paragraph at lines 41--42

 []

File: ressources/images/PiedDePage.pdf Graphic file (type pdf)
<use ressources/images/PiedDePage.pdf>
Package pdftex.def Info: ressources/images/PiedDePage.pdf used on input line 43
.
(pdftex.def)             Requested size: 139.4185pt x 32.08417pt.
 [7 <C:/Users/Céline/pfe_analyse_technique/doc/graph/DiagrammeSequenceCalculer
Indicateur.png (PNG copy)> <C:/Users/Céline/pfe_analyse_technique/doc/graph/Di
agrammeSequenceConsulterListeActifs.png (PNG copy)> <C:/Users/Céline/pfe_analy
se_technique/doc/graph/DiagrammeSequenceGererPortefeuille.png (PNG copy)>]
<../graph/DiagrammeSequenceAfficherListeAction.png, id=249, 478.78876pt x 215.8
0624pt>
File: ../graph/DiagrammeSequenceAfficherListeAction.png Graphic file (type png)

 <use ../graph/DiagrammeSequenceAfficherListeAction.png>
Package pdftex.def Info: ../graph/DiagrammeSequenceAfficherListeAction.png used
 on input line 44.
(pdftex.def)             Requested size: 239.39378pt x 107.90285pt.

Underfull \hbox (badness 10000) in paragraph at lines 44--45

 []

<../graph/DiagrammeSequenceVendreActif.png, id=250, 493.845pt x 215.80624pt>
File: ../graph/DiagrammeSequenceVendreActif.png Graphic file (type png)

<use ../graph/DiagrammeSequenceVendreActif.png>
Package pdftex.def Info: ../graph/DiagrammeSequenceVendreActif.png used on inpu
t line 47.
(pdftex.def)             Requested size: 246.92189pt x 107.90285pt.

Underfull \hbox (badness 10000) in paragraph at lines 47--48

 []


<../graph/DiagrammeSequenceSuppressionPortefeuille.png, id=251, 354.32375pt x 1
56.585pt>
File: ../graph/DiagrammeSequenceSuppressionPortefeuille.png Graphic file (type 
png)
 <use ../graph/DiagrammeSequenceSuppressionPortefeuille.png>
Package pdftex.def Info: ../graph/DiagrammeSequenceSuppressionPortefeuille.png 
used on input line 50.
(pdftex.def)             Requested size: 177.16144pt x 78.2923pt.
)
(C:\Users\Céline\pfe_analyse_technique\doc\src\ressources/tex/EtudeDeLaBaseDeD
onnees.tex
Underfull \hbox (badness 10000) in paragraph at lines 50--1

 []

File: ressources/images/PiedDePage.pdf Graphic file (type pdf)
<use ressources/images/PiedDePage.pdf>
Package pdftex.def Info: ressources/images/PiedDePage.pdf used on input line 1.

(pdftex.def)             Requested size: 139.4185pt x 32.08417pt.
 [8 <C:/Users/Céline/pfe_analyse_technique/doc/graph/DiagrammeSequenceAcheterA
ctif.png (PNG copy)> <C:/Users/Céline/pfe_analyse_technique/doc/graph/Diagramm
eSequenceAfficherListeAction.png (PNG copy)> <C:/Users/Céline/pfe_analyse_tech
nique/doc/graph/DiagrammeSequenceVendreActif.png (PNG copy)> <C:/Users/Céline/
pfe_analyse_technique/doc/graph/DiagrammeSequenceSuppressionPortefeuille.png (P
NG copy)>]
Chapitre 4.
<../graph/DiagrammeEntiteAssociation.png, id=256, 727.71875pt x 980.66376pt>
File: ../graph/DiagrammeEntiteAssociation.png Graphic file (type png)

<use ../graph/DiagrammeEntiteAssociation.png>
Package pdftex.def Info: ../graph/DiagrammeEntiteAssociation.png used on input 
line 4.
(pdftex.def)             Requested size: 363.85847pt x 490.33067pt.
)
(C:\Users\Céline\pfe_analyse_technique\doc\src\ressources/tex/DifferentesVersi
ons.tex
Underfull \hbox (badness 10000) in paragraph at lines 3--1

 []


Underfull \hbox (badness 10000) in paragraph at lines 3--1

 []

File: ressources/images/PiedDePage.pdf Graphic file (type pdf)
<use ressources/images/PiedDePage.pdf>
Package pdftex.def Info: ressources/images/PiedDePage.pdf used on input line 1.

(pdftex.def)             Requested size: 139.4185pt x 32.08417pt.
 [9

 <C:/Users/Céline/pfe_analyse_technique/doc/graph/DiagrammeEntiteAssociation.p
ng (PNG copy)>]
Chapitre 5.

Underfull \hbox (badness 10000) in paragraph at lines 2--3

 []


Underfull \hbox (badness 10000) in paragraph at lines 4--6

 []


Underfull \hbox (badness 10000) in paragraph at lines 8--10

 []

File: ressources/images/PiedDePage.pdf Graphic file (type pdf)
<use ressources/images/PiedDePage.pdf>
Package pdftex.def Info: ressources/images/PiedDePage.pdf used on input line 23
.
(pdftex.def)             Requested size: 139.4185pt x 32.08417pt.
 [10

])
(C:\Users\Céline\pfe_analyse_technique\doc\src\ressources/tex/MethodeAgile.tex
File: ressources/images/PiedDePage.pdf Graphic file (type pdf)
<use ressources/images/PiedDePage.pdf>
Package pdftex.def Info: ressources/images/PiedDePage.pdf used on input line 1.

(pdftex.def)             Requested size: 139.4185pt x 32.08417pt.
 [11]
Chapitre 6.

Underfull \hbox (badness 10000) in paragraph at lines 2--5

 []


Underfull \hbox (badness 10000) in paragraph at lines 2--5

 []


Underfull \hbox (badness 10000) in paragraph at lines 11--14

 []


Underfull \hbox (badness 10000) in paragraph at lines 11--14

 []

)
File: ressources/images/PiedDePage.pdf Graphic file (type pdf)
 <use ressources/images/PiedDePage.pdf>
Package pdftex.def Info: ressources/images/PiedDePage.pdf used on input line 53
.
(pdftex.def)             Requested size: 139.4185pt x 32.08417pt.
 [12

]
<ressources/images/QuatriemeDeCouverture.pdf, id=274, 597.50786pt x 845.04686pt
>
File: ressources/images/QuatriemeDeCouverture.pdf Graphic file (type pdf)
 <use ressources/images/QuatriemeDeCouverture.pdf>
Package pdftex.def Info: ressources/images/QuatriemeDeCouverture.pdf used on in
put line 53.
(pdftex.def)             Requested size: 640.187pt x 905.41618pt.
LaTeX Font Info:    Font shape `T1/phv/bx/n' in size <18> not available
(Font)              Font shape `T1/phv/b/n' tried instead on input line 53.
File: ressources/images/PiedDePage.pdf Graphic file (type pdf)

<use ressources/images/PiedDePage.pdf>
Package pdftex.def Info: ressources/images/PiedDePage.pdf used on input line 53
.
(pdftex.def)             Requested size: 139.4185pt x 32.08417pt.
 
AED: lastpage setting LastPage
[13

 <C:/Users/Céline/pfe_analyse_technique/doc/src/ressources/images/QuatriemeDeC
ouverture.pdf>]
Package atveryend Info: Empty hook `BeforeClearDocument' on input line 54.
Package atveryend Info: Empty hook `AfterLastShipout' on input line 54.
 (C:\Users\Céline\pfe_analyse_technique\doc\src\Rapport.aux)
Package atveryend Info: Executing hook `AtVeryEndDocument' on input line 54.
Package atveryend Info: Executing hook `AtEndAfterFileList' on input line 54.
Package rerunfilecheck Info: File `Rapport.out' has not changed.
(rerunfilecheck)             Checksum: 0D5CAC70F40D81FA37312D92E6ABEBE4;2267.
Package atveryend Info: Empty hook `AtVeryVeryEnd' on input line 54.
 ) 
Here is how much of TeX's memory you used:
 12811 strings out of 493921
 182886 string characters out of 3145271
 327649 words of memory out of 3000000
 15728 multiletter control sequences out of 15000+200000
 61759 words of font info for 62 fonts, out of 3000000 for 9000
 841 hyphenation exceptions out of 8191
 41i,15n,51p,542b,412s stack positions out of 5000i,500n,10000p,200000b,50000s
{C:/Users/Céline/Documents/Latex/fonts/enc/dvips/fontname/8r.enc}<C:/Users/C
éline/Documents/Latex/fonts/type1/urw/helvetic/uhvb8a.pfb><C:/Users/Céline/Do
cuments/Latex/fonts/type1/urw/helvetic/uhvr8a.pfb><C:/Users/Céline/Documents/L
atex/fonts/type1/urw/helvetic/uhvro8a.pfb>
Output written on Rapport.pdf (14 pages, 536502 bytes).
PDF statistics:
 339 PDF objects out of 1000 (max. 8388607)
 46 named destinations out of 1000 (max. 500000)
 352 words of extra memory for PDF output out of 10000 (max. 10000000)

